<?xml version="1.0" encoding="UTF-8"?>
<testng-results skipped="0" failed="0" ignored="0" total="3" passed="3">
  <reporter-output>
    <line>
      <![CDATA[Logged  in successfully]]>
    </line>
    <line>
      <![CDATA[<a href="E:\SeleniumSS\error.jpg">Screenshot</a>]]>
    </line>
  </reporter-output>
  <suite name="USXS Sanity Suite" duration-ms="33223" started-at="2019-07-19T08:49:56Z" finished-at="2019-07-19T08:50:29Z">
    <groups>
    </groups>
    <test name="Super Admin login" duration-ms="9662" started-at="2019-07-19T08:49:56Z" finished-at="2019-07-19T08:50:05Z">
      <class name="com.usxs.testcases.Login">
        <test-method status="PASS" signature="login_as_super_admin(java.lang.String, java.lang.String)[pri:0, instance:com.usxs.testcases.Login@4f32a3ad]" name="login_as_super_admin" duration-ms="9519" started-at="2019-07-19T08:49:56Z" data-provider="getData" finished-at="2019-07-19T08:50:05Z">
          <params>
            <param index="0">
              <value>
                <![CDATA[roshan@eglobeits.com]]>
              </value>
            </param>
            <param index="1">
              <value>
                <![CDATA[roshan]]>
              </value>
            </param>
          </params>
          <reporter-output>
            <line>
              <![CDATA[Logged  in successfully]]>
            </line>
            <line>
              <![CDATA[<a href="E:\SeleniumSS\error.jpg">Screenshot</a>]]>
            </line>
          </reporter-output>
        </test-method> <!-- login_as_super_admin -->
      </class> <!-- com.usxs.testcases.Login -->
    </test> <!-- Super Admin login -->
    <test name="Navigate to User Profile" duration-ms="4602" started-at="2019-07-19T08:50:06Z" finished-at="2019-07-19T08:50:10Z">
      <class name="com.usxs.testcases.UserProfile">
        <test-method status="PASS" signature="userprofile()[pri:0, instance:com.usxs.testcases.UserProfile@26abb146]" name="userprofile" duration-ms="4599" started-at="2019-07-19T08:50:06Z" finished-at="2019-07-19T08:50:10Z">
          <reporter-output>
          </reporter-output>
        </test-method> <!-- userprofile -->
      </class> <!-- com.usxs.testcases.UserProfile -->
    </test> <!-- Navigate to User Profile -->
    <test name="Create a Client" duration-ms="18659" started-at="2019-07-19T08:50:10Z" finished-at="2019-07-19T08:50:29Z">
      <class name="com.usxs.testcases.CreateClient">
        <test-method status="PASS" signature="setUp()[pri:0, instance:com.usxs.testcases.CreateClient@57bc27f5]" name="setUp" is-config="true" duration-ms="10422" started-at="2019-07-19T08:49:45Z" finished-at="2019-07-19T08:49:56Z">
          <reporter-output>
          </reporter-output>
        </test-method> <!-- setUp -->
        <test-method status="PASS" signature="createclient(java.lang.String, java.lang.String, java.lang.String, java.lang.String, java.lang.String, java.lang.String, java.lang.String, java.lang.String, java.lang.String, java.lang.String)[pri:0, instance:com.usxs.testcases.CreateClient@57bc27f5]" name="createclient" duration-ms="18465" started-at="2019-07-19T08:50:11Z" data-provider="getData" finished-at="2019-07-19T08:50:29Z">
          <params>
            <param index="0">
              <value>
                <![CDATA[Roshan]]>
              </value>
            </param>
            <param index="1">
              <value>
                <![CDATA[roshantom@gmail.com]]>
              </value>
            </param>
            <param index="2">
              <value>
                <![CDATA[856]]>
              </value>
            </param>
            <param index="3">
              <value>
                <![CDATA[75686]]>
              </value>
            </param>
            <param index="4">
              <value>
                <![CDATA[test desc]]>
              </value>
            </param>
            <param index="5">
              <value>
                <![CDATA[test adde]]>
              </value>
            </param>
            <param index="6">
              <value>
                <![CDATA[street]]>
              </value>
            </param>
            <param index="7">
              <value>
                <![CDATA[city]]>
              </value>
            </param>
            <param index="8">
              <value>
                <![CDATA[state]]>
              </value>
            </param>
            <param index="9">
              <value>
                <![CDATA[United States of America]]>
              </value>
            </param>
          </params>
          <reporter-output>
          </reporter-output>
        </test-method> <!-- createclient -->
        <test-method status="PASS" signature="teatDown()[pri:0, instance:com.usxs.testcases.CreateClient@57bc27f5]" name="teatDown" is-config="true" duration-ms="1742" started-at="2019-07-19T08:50:29Z" finished-at="2019-07-19T08:50:31Z">
          <reporter-output>
          </reporter-output>
        </test-method> <!-- teatDown -->
      </class> <!-- com.usxs.testcases.CreateClient -->
    </test> <!-- Create a Client -->
  </suite> <!-- USXS Sanity Suite -->
</testng-results>
